-------------------------------------------------------------------------------
Test set: com.cognizan.ormlearn.OrmLearnApplicationTests
-------------------------------------------------------------------------------
Tests run: 1, Failures: 0, Errors: 1, Skipped: 0, Time elapsed: 6.125 s <<< FAILURE! - in com.cognizan.ormlearn.OrmLearnApplicationTests
contextLoads(com.cognizan.ormlearn.OrmLearnApplicationTests)  Time elapsed: 0 s  <<< ERROR!
java.lang.IllegalStateException: Failed to load ApplicationContext
Caused by: org.springframework.beans.factory.BeanCreationException: Error creating bean with name 'entityManagerFactory' defined in class path resource [org/springframework/boot/autoconfigure/orm/jpa/HibernateJpaConfiguration.class]: Bean instantiation via factory method failed; nested exception is org.springframework.beans.BeanInstantiationException: Failed to instantiate [org.springframework.orm.jpa.LocalContainerEntityManagerFactoryBean]: Factory method 'entityManagerFactory' threw exception; nested exception is java.lang.AbstractMethodError: com.mysql.jdbc.Connection.isValid(I)Z
Caused by: org.springframework.beans.BeanInstantiationException: Failed to instantiate [org.springframework.orm.jpa.LocalContainerEntityManagerFactoryBean]: Factory method 'entityManagerFactory' threw exception; nested exception is java.lang.AbstractMethodError: com.mysql.jdbc.Connection.isValid(I)Z
Caused by: java.lang.AbstractMethodError: com.mysql.jdbc.Connection.isValid(I)Z

